{
  "RSpec": {
    "coverage": {
      "/home/s8d32w/securityoptions/lib/puppet/type/so_registryvalue.rb": [
        1,
        null,
        1,
        1,
        1,
        null,
        null,
        null,
        1,
        1,
        12,
        null,
        null,
        null,
        1,
        null,
        1,
        23,
        null,
        null,
        null,
        null,
        1,
        1,
        null,
        1,
        null,
        19,
        19,
        19,
        3,
        null,
        3,
        null,
        10,
        null,
        3,
        null,
        0,
        null,
        null,
        null,
        1,
        18,
        18,
        2,
        null,
        3,
        3,
        null,
        3,
        3,
        3,
        null,
        null,
        null,
        null
      ],
      "/home/s8d32w/securityoptions/lib/puppet_x/securityoptions/secedit_mapping.rb": [
        1,
        null,
        1,
        1,
        1,
        1,
        1237,
        null,
        null,
        1,
        1,
        null,
        1,
        null,
        null,
        23771,
        null,
        577,
        null,
        null,
        1,
        1375,
        34,
        32,
        null,
        2,
        null,
        null,
        1,
        25571,
        626,
        null,
        null,
        null,
        null,
        null
      ],
      "/home/s8d32w/securityoptions/lib/puppet/provider/so_registryvalue/so_registryvalue.rb": [
        1,
        1,
        null,
        1,
        1,
        null,
        null,
        null,
        null,
        1,
        null,
        null,
        1,
        1,
        1,
        1,
        null,
        1,
        null,
        1,
        2,
        null,
        null,
        1,
        0,
        0,
        null,
        null,
        1,
        0,
        0,
        null,
        null,
        1,
        4,
        null,
        null,
        1,
        1,
        1,
        null,
        null,
        1,
        2,
        2,
        null,
        null,
        1,
        1,
        null,
        1,
        1,
        null,
        1,
        1,
        null,
        null,
        null,
        null,
        null,
        null,
        null,
        null,
        null,
        null,
        null,
        1,
        1,
        1,
        null,
        null,
        null,
        null,
        null,
        null,
        null,
        null,
        null,
        null,
        null,
        1,
        1,
        null,
        72,
        72,
        1,
        null,
        null,
        null,
        null,
        1,
        8,
        8,
        null,
        8,
        8,
        8,
        null,
        null,
        1,
        8,
        8,
        576,
        576,
        null,
        576,
        576,
        488,
        null,
        48,
        null,
        null,
        null,
        576,
        null,
        null,
        null,
        null,
        null,
        null,
        null,
        null,
        null
      ],
      "/home/s8d32w/securityoptions/spec/fixtures/modules/inifile/lib/puppet/util/ini_file.rb": [
        1,
        1,
        null,
        1,
        null,
        null,
        null,
        1,
        1,
        null,
        null,
        8,
        null,
        8,
        8,
        8,
        8,
        null,
        8,
        8,
        8,
        null,
        8,
        8,
        8,
        8,
        8,
        null,
        null,
        1,
        null,
        null,
        null,
        8,
        8,
        8,
        8,
        8,
        8,
        8,
        null,
        0,
        null,
        8,
        8,
        8,
        8,
        null,
        null,
        1,
        null,
        1,
        8,
        8,
        576,
        null,
        null,
        null,
        1,
        0,
        null,
        null,
        1,
        0,
        null,
        null,
        1,
        0,
        null,
        null,
        0,
        null,
        0,
        null,
        null,
        0,
        null,
        null,
        null,
        null,
        0,
        0,
        null,
        null,
        0,
        null,
        0,
        0,
        0,
        0,
        null,
        null,
        null,
        null,
        null,
        null,
        null,
        null,
        null,
        0,
        null,
        null,
        null,
        0,
        null,
        null,
        null,
        null,
        0,
        0,
        null,
        0,
        null,
        null,
        null,
        1,
        0,
        0,
        null,
        null,
        0,
        null,
        null,
        null,
        0,
        null,
        null,
        null,
        null,
        0,
        0,
        null,
        null,
        1,
        0,
        0,
        0,
        null,
        0,
        null,
        null,
        0,
        null,
        0,
        0,
        null,
        null,
        0,
        null,
        0,
        0,
        null,
        null,
        null,
        0,
        0,
        null,
        null,
        null,
        null,
        null,
        0,
        0,
        null,
        null,
        null,
        null,
        0,
        0,
        null,
        null,
        null,
        null,
        null,
        0,
        0,
        null,
        null,
        0,
        0,
        0,
        null,
        null,
        null,
        null,
        null,
        null,
        null,
        null,
        0,
        null,
        null,
        null,
        null,
        null,
        1,
        null,
        1,
        48,
        48,
        null,
        null,
        1,
        8,
        null,
        null,
        null,
        8,
        8,
        8,
        null,
        8,
        40,
        40,
        40,
        null,
        40,
        null,
        null,
        null,
        1,
        48,
        48,
        48,
        48,
        848,
        848,
        800,
        800,
        800,
        800,
        null,
        800,
        800,
        null,
        null,
        null,
        1,
        0,
        0,
        0,
        0,
        null,
        null,
        null,
        null,
        1,
        0,
        0,
        0,
        0,
        null,
        null,
        null,
        null,
        1,
        8,
        null,
        null,
        1,
        8,
        null,
        null,
        null,
        null,
        1,
        null,
        null,
        null,
        null,
        null,
        8,
        null,
        null,
        null,
        null,
        null,
        null,
        null,
        null,
        null,
        null,
        null,
        1,
        0,
        0,
        0,
        0,
        0,
        null,
        null,
        null,
        null,
        null,
        null,
        null,
        null,
        1,
        0,
        0,
        0,
        null,
        null,
        null,
        null,
        null,
        1,
        0,
        0,
        0,
        null,
        null,
        null,
        null,
        null,
        null,
        1,
        0,
        0,
        0,
        null,
        null,
        null,
        1,
        0,
        0,
        0,
        null,
        null,
        null
      ],
      "/home/s8d32w/securityoptions/spec/fixtures/modules/inifile/lib/puppet/util/external_iterator.rb": [
        1,
        null,
        null,
        null,
        1,
        1,
        8,
        8,
        null,
        null,
        1,
        848,
        848,
        null,
        null,
        1,
        848,
        null,
        null,
        1,
        null,
        1,
        1696,
        1680,
        null,
        16,
        null,
        null,
        null,
        null
      ],
      "/home/s8d32w/securityoptions/spec/fixtures/modules/inifile/lib/puppet/util/ini_file/section.rb": [
        1,
        null,
        null,
        null,
        1,
        null,
        null,
        null,
        null,
        null,
        null,
        null,
        null,
        null,
        1,
        48,
        48,
        48,
        48,
        48,
        48,
        null,
        null,
        1,
        null,
        1,
        0,
        null,
        null,
        1,
        null,
        null,
        0,
        null,
        null,
        1,
        8,
        null,
        null,
        1,
        576,
        null,
        null,
        1,
        0,
        null,
        null,
        1,
        0,
        null,
        null,
        1,
        0,
        null,
        null,
        1,
        0,
        null,
        null,
        null,
        null,
        null,
        null,
        null,
        null,
        1,
        0,
        0,
        null,
        null,
        1,
        0,
        null,
        null,
        null,
        null,
        null,
        1,
        0,
        0,
        null,
        null,
        null,
        null,
        null,
        1,
        0,
        0,
        null,
        null,
        null
      ],
      "/home/s8d32w/securityoptions/spec/unit/puppet/type/so_registryvalue_spec.rb": [
        1,
        null,
        1,
        4,
        2,
        null,
        2,
        1,
        1,
        null,
        4,
        4,
        4,
        null,
        4,
        4,
        4,
        null,
        1,
        1,
        1,
        null,
        null,
        1,
        1,
        1,
        null,
        null,
        1,
        1,
        null,
        null,
        null,
        1,
        null,
        null,
        null,
        1,
        null,
        null,
        1,
        1,
        null,
        1,
        1,
        null,
        null,
        1,
        1,
        1,
        null,
        null,
        null,
        null,
        1,
        1,
        0,
        null,
        null,
        null,
        null,
        null,
        null,
        null,
        null,
        1,
        1,
        1,
        1,
        null,
        1,
        1,
        1,
        null,
        1,
        1,
        1,
        null,
        1,
        1,
        1,
        null,
        1,
        1,
        1,
        null,
        1,
        1,
        1,
        null,
        null,
        1,
        1,
        1,
        null,
        1,
        1,
        1,
        null,
        1,
        1,
        1,
        null,
        null,
        null,
        null,
        null,
        null,
        null,
        null,
        null
      ],
      "/home/s8d32w/securityoptions/spec/unit/puppet/type/so_systemaccess_spec.rb": [
        1,
        null,
        1,
        4,
        2,
        null,
        2,
        1,
        1,
        null,
        4,
        4,
        null,
        4,
        4,
        null,
        1,
        1,
        1,
        null,
        null,
        1,
        1,
        1,
        null,
        null,
        1,
        1,
        null,
        null,
        null,
        1,
        null,
        null,
        null,
        1,
        null,
        null,
        1,
        1,
        null,
        1,
        1,
        null,
        null,
        1,
        1,
        1,
        null,
        null,
        null,
        null,
        1,
        1,
        0,
        null,
        null,
        null,
        null,
        null,
        null,
        null,
        null,
        1,
        1,
        1,
        1,
        null,
        1,
        1,
        1,
        null,
        1,
        1,
        1,
        null,
        1,
        1,
        1,
        null,
        1,
        1,
        1,
        null,
        1,
        1,
        1,
        null,
        null,
        null,
        null,
        null
      ],
      "/home/s8d32w/securityoptions/lib/puppet/type/so_systemaccess.rb": [
        1,
        null,
        1,
        1,
        1,
        null,
        null,
        null,
        1,
        1,
        9,
        null,
        null,
        1,
        1,
        1,
        10,
        null,
        null,
        null,
        null,
        1,
        1,
        null,
        null,
        null,
        null,
        null,
        null,
        null,
        1,
        6,
        6,
        null,
        6,
        3,
        null,
        3,
        null,
        0,
        null,
        null,
        null,
        1,
        5,
        null,
        null,
        5,
        5,
        2,
        null,
        3,
        3,
        3,
        null,
        null,
        null,
        null,
        null
      ],
      "/home/s8d32w/securityoptions/lib/puppet/provider/so_systemaccess/so_systemaccess.rb": [
        1,
        1,
        null,
        null,
        1,
        1,
        null,
        null,
        null,
        null,
        null,
        1,
        1,
        1,
        1,
        null,
        1,
        null,
        1,
        0,
        null,
        null,
        1,
        0,
        0,
        null,
        null,
        1,
        0,
        0,
        null,
        null,
        1,
        0,
        null,
        null,
        1,
        0,
        0,
        null,
        null,
        1,
        0,
        0,
        null,
        null,
        1,
        0,
        0,
        0,
        null,
        0,
        0,
        0,
        0,
        0,
        0,
        null,
        0,
        0,
        null,
        null,
        null,
        null,
        null,
        null,
        null,
        null,
        null,
        null,
        null,
        1,
        0,
        null,
        null,
        null,
        null,
        null,
        null,
        null,
        null,
        null,
        null,
        null,
        1,
        0,
        null,
        0,
        0,
        0,
        null,
        null,
        null,
        null,
        1,
        0,
        0,
        0,
        0,
        null,
        0,
        0,
        null,
        null,
        null,
        null,
        null,
        0,
        null,
        null,
        1,
        0,
        0,
        0,
        0,
        0,
        0,
        0,
        0,
        0,
        null,
        null,
        0,
        null,
        null,
        null,
        null,
        null,
        null,
        null,
        null,
        null
      ],
      "/home/s8d32w/securityoptions/spec/unit/puppet_x/securityoptions/secedit_mapping_spec.rb": [
        1,
        1,
        null,
        null,
        1,
        1,
        1,
        2,
        3,
        null,
        null,
        null,
        null,
        null,
        null,
        null,
        1,
        null,
        null,
        null,
        null,
        null,
        null,
        null,
        null,
        null,
        null,
        null,
        null,
        null,
        null,
        null,
        null,
        null,
        null,
        null,
        null,
        null,
        null,
        null,
        null,
        null,
        null,
        null,
        null,
        null,
        null,
        null,
        0,
        null,
        null,
        null,
        null,
        1,
        null,
        1,
        1,
        null,
        1,
        1,
        null,
        1,
        1,
        1,
        1,
        1,
        null,
        null,
        null,
        null
      ]
    },
    "timestamp": 1541757151
  }
}
